[debug] [2026-03-11T18:06:44.710Z] ----------------------------------------------------------------------
[debug] [2026-03-11T18:06:44.713Z] Command:       C:\Program Files\nodejs\node.exe C:\Users\Wangu\AppData\Roaming\npm\node_modules\firebase-tools\lib\bin\firebase.js deploy
[debug] [2026-03-11T18:06:44.714Z] CLI Version:   15.7.0
[debug] [2026-03-11T18:06:44.714Z] Platform:      win32
[debug] [2026-03-11T18:06:44.714Z] Node Version:  v22.19.0
[debug] [2026-03-11T18:06:44.714Z] Time:          Wed Mar 11 2026 20:06:44 GMT+0200 (South Africa Standard Time)
[debug] [2026-03-11T18:06:44.715Z] ----------------------------------------------------------------------
[debug] 
[debug] [2026-03-11T18:06:47.741Z] > command requires scopes: ["email","openid","https://www.googleapis.com/auth/cloudplatformprojects.readonly","https://www.googleapis.com/auth/firebase","https://www.googleapis.com/auth/cloud-platform"]
[debug] [2026-03-11T18:06:47.742Z] > authorizing via signed-in user (wanguphillip@gmail.com)
[debug] [2026-03-11T18:06:47.742Z] [iam] checking project medbalance-ai for permissions ["cloudfunctions.functions.create","cloudfunctions.functions.delete","cloudfunctions.functions.get","cloudfunctions.functions.list","cloudfunctions.functions.update","cloudfunctions.operations.get","datastore.indexes.create","datastore.indexes.delete","datastore.indexes.list","datastore.indexes.update","firebase.projects.get","firebase.projects.update","firebaseauth.configs.update","firebasehosting.sites.update","firebaserules.releases.create","firebaserules.releases.update","firebaserules.rulesets.create"]
[debug] [2026-03-11T18:06:47.743Z] Checked if tokens are valid: true, expires at: 1773253989950
[debug] [2026-03-11T18:06:47.744Z] Checked if tokens are valid: true, expires at: 1773253989950
[debug] [2026-03-11T18:06:47.744Z] >>> [apiv2][query] POST https://cloudresourcemanager.googleapis.com/v1/projects/medbalance-ai:testIamPermissions [none]
[debug] [2026-03-11T18:06:47.745Z] >>> [apiv2][(partial)header] POST https://cloudresourcemanager.googleapis.com/v1/projects/medbalance-ai:testIamPermissions  x-goog-user-project=medbalance-ai
[debug] [2026-03-11T18:06:47.745Z] >>> [apiv2][body] POST https://cloudresourcemanager.googleapis.com/v1/projects/medbalance-ai:testIamPermissions {"permissions":["cloudfunctions.functions.create","cloudfunctions.functions.delete","cloudfunctions.functions.get","cloudfunctions.functions.list","cloudfunctions.functions.update","cloudfunctions.operations.get","datastore.indexes.create","datastore.indexes.delete","datastore.indexes.list","datastore.indexes.update","firebase.projects.get","firebase.projects.update","firebaseauth.configs.update","firebasehosting.sites.update","firebaserules.releases.create","firebaserules.releases.update","firebaserules.rulesets.create"]}
[debug] [2026-03-11T18:06:49.698Z] <<< [apiv2][status] POST https://cloudresourcemanager.googleapis.com/v1/projects/medbalance-ai:testIamPermissions 200
[debug] [2026-03-11T18:06:49.698Z] <<< [apiv2][body] POST https://cloudresourcemanager.googleapis.com/v1/projects/medbalance-ai:testIamPermissions {"permissions":["cloudfunctions.functions.create","cloudfunctions.functions.delete","cloudfunctions.functions.get","cloudfunctions.functions.list","cloudfunctions.functions.update","cloudfunctions.operations.get","datastore.indexes.create","datastore.indexes.delete","datastore.indexes.list","datastore.indexes.update","firebase.projects.get","firebase.projects.update","firebaseauth.configs.update","firebasehosting.sites.update","firebaserules.releases.create","firebaserules.releases.update","firebaserules.rulesets.create"]}
[debug] [2026-03-11T18:06:49.698Z] Checked if tokens are valid: true, expires at: 1773253989950
[debug] [2026-03-11T18:06:49.698Z] Checked if tokens are valid: true, expires at: 1773253989950
[debug] [2026-03-11T18:06:49.698Z] >>> [apiv2][query] POST https://iam.googleapis.com/v1/projects/medbalance-ai/serviceAccounts/medbalance-ai@appspot.gserviceaccount.com:testIamPermissions [none]
[debug] [2026-03-11T18:06:49.698Z] >>> [apiv2][body] POST https://iam.googleapis.com/v1/projects/medbalance-ai/serviceAccounts/medbalance-ai@appspot.gserviceaccount.com:testIamPermissions {"permissions":["iam.serviceAccounts.actAs"]}
[debug] [2026-03-11T18:06:51.565Z] <<< [apiv2][status] POST https://iam.googleapis.com/v1/projects/medbalance-ai/serviceAccounts/medbalance-ai@appspot.gserviceaccount.com:testIamPermissions 200
[debug] [2026-03-11T18:06:51.566Z] <<< [apiv2][body] POST https://iam.googleapis.com/v1/projects/medbalance-ai/serviceAccounts/medbalance-ai@appspot.gserviceaccount.com:testIamPermissions {"permissions":["iam.serviceAccounts.actAs"]}
[debug] [2026-03-11T18:06:51.566Z] Checked if tokens are valid: true, expires at: 1773253989950
[debug] [2026-03-11T18:06:51.567Z] Checked if tokens are valid: true, expires at: 1773253989950
[debug] [2026-03-11T18:06:51.567Z] >>> [apiv2][query] GET https://firebase.googleapis.com/v1beta1/projects/medbalance-ai [none]
